61 [4135213824] INFO perfrun.launcher <> - Launcher main begin
75 [4135213824] INFO perfrun.launcher <> - MessageCatalogInit finished
75 [4135213824] INFO perfrun.launcher <> - Launcher instance created
75 [4135213824] INFO perfrun.launcher <> - argc = 6; cmdline = /opt/intel/vtune_profiler_2020.0.0.605129/bin32/amplxe-runss -dump-vdso -r /home/matt/Documents/Assignments/LombScargle/CSC586C-CSC485C-Project/r002hs --tmp-dir /tmp/amplxe-tmp-root 
109 [4135213824] INFO perfrun.launcher <> - plugin remoteplug has been added successfully
109 [4135213824] INFO perfrun.launcher <> - plugin  has been added successfully
109 [4135213824] INFO perfrun.launcher <> - plugin vdso has been added successfully
109 [4135213824] INFO perfrun.launcher <> - plugin  has been added successfully
109 [4135213824] INFO perfrun.launcher <> - plugin  has been added successfully
109 [4135213824] INFO perfrun.launcher <> - plugin  has been added successfully
109 [4135213824] INFO perfrun.launcher <> - plugin  has been added successfully
109 [4135213824] INFO perfrun.launcher <> - plugin  has been added successfully
109 [4135213824] INFO perfrun.launcher <> - plugin  has been added successfully
109 [4135213824] INFO perfrun.launcher <> - plugin  has been added successfully
109 [4135213824] INFO perfrun.launcher <> - plugin  has been added successfully
109 [4135213824] INFO perfrun.launcher <> - plugin  has been added successfully
109 [4135213824] INFO perfrun.launcher <> - plugin  has been added successfully
110 [4135213824] INFO perfrun.launcher <> - plugin  has been added successfully
110 [4135213824] INFO perfrun.launcher <> - plugin  has been added successfully
110 [4135213824] INFO perfrun.launcher <> - plugin  has been added successfully
110 [4135213824] INFO perfrun.launcher <> - plugin  has been added successfully
110 [4135213824] INFO perfrun.launcher <> - plugin  has been added successfully
111 [4135213824] INFO perfrun.launcher <> - plugin  has been added successfully
111 [4135213824] INFO perfrun.launcher <> - plugin  has been added successfully
111 [4135213824] INFO perfrun.launcher <> - plugin  has been added successfully
111 [4135213824] INFO perfrun.launcher <> - plugin  has been added successfully
111 [4135213824] INFO perfrun.launcher <> - plugin  has been added successfully
111 [4135213824] INFO perfrun.launcher <> - plugin  has been added successfully
111 [4135213824] INFO perfrun.launcher <> - the option was added --interval: Specify an interval of data collection (for example, sampling) in milliseconds.
112 [4135213824] INFO perfrun.launcher <> - the option was added --follow-child: Profile process with or without children.
112 [4135213824] INFO perfrun.launcher <> - the option was added --gelding: BADMSG: perfrun1.launcher.plugin_manager::gelding
112 [4135213824] INFO perfrun.launcher <> - the option was added --time-source: Specify time source for measurement. Possible values: sys - wall clock time; tsc - time stamp counter; ext - time from an external source; auto - auto select accurate time source.
112 [4135213824] INFO perfrun.launcher <> - the option was added --stack: Enable or disable collection of stacks.
112 [4135213824] INFO perfrun.launcher <> - the option was added --stack-stitching: Enable or disable the stack stitching algorithm for Intel TBB-based applications.
112 [4135213824] INFO perfrun.launcher <> - the option was added --type: Specify type of data to be collected. For example, --type cpu:counters,waiting:nostack,io.
112 [4135213824] INFO perfrun.launcher <> - the option was added --mrte-mode: Specify Java/.NET/other managed runtime collection mode. Possible values: native - collect information only for native code; managed - collect information only for managed code; mixed - collect information for both managed and native code; auto - choose the mode based on binary type.
112 [4135213824] INFO perfrun.launcher <> - the option was added --mrte-mode-list: List supported Java/.NET/other managed runtime collection modes.
112 [4135213824] INFO perfrun.launcher <> - the option was added --mrte-type: Specify which managed runtimes to collect. Possible values: java - collect information for Java; dotnet - collect information for .NET; python - collect information for CPython. You can specify several values separated by comma.
112 [4135213824] INFO perfrun.launcher <> - the option was added --mrte-type-list: List supported Java/.NET/other managed runtime types.
112 [4135213824] INFO perfrun.launcher <> - the option was added --trace-strategy: Specify how to profile a process tree. <string> can be "<process>:trace:notrace" - profile the process but do not profile its children. Shorthand parameters: t - trace, nt - notrace. For example, "vtunedemo.exe:t:t".
112 [4135213824] INFO perfrun.launcher <> - the option was added --collector: BADMSG: perfrun1.launcher.plugin_manager::collector
112 [4135213824] INFO perfrun.launcher <> - the option was added --system-wide: Enable system-wide profiling. This mode may require additional permissions.
113 [4135213824] INFO perfrun.launcher <> - the option was added --kvm-guest: Enable KVM guest OS profiling.
113 [4135213824] INFO perfrun.launcher <> - the option was added --kvm-guest-kallsyms: Specify a local path to the /proc/kallsyms file copied from the guest OS for proper symbol resolution.
113 [4135213824] INFO perfrun.launcher <> - the option was added --kvm-guest-modules: Specify a local path to the /proc/modules file copied from the guest OS for proper symbol resolution.
113 [4135213824] INFO perfrun.launcher <> - the option was added --dump-vdso: Dump [vdso] to result directory
113 [4135213824] INFO perfrun.launcher <> - the option was added --system-collector-config: Specify subcollectors. Possible values: all, vdso.
114 [4135213824] INFO perfrun.launcher <> - create msngr2::ICliToolContext
114 [4135213824] INFO perfrun.launcher <> - create file finder object
115 [4134378304] INFO perfrun.launcher <> - plugin [remoteplug] was disabled because it doesn't support the given collection type.
115 [4134378304] INFO perfrun.launcher <> - plugin [] was disabled because it doesn't support the given collection type.
116 [4134378304] INFO perfrun.vdso <> - dumping [vdso] pseudomodule
117 [4134378304] INFO perfrun.launcher <> - plugin [] was disabled because it doesn't support the given collection type.
117 [4134378304] INFO perfrun.launcher <> - plugin [] was disabled because it doesn't support the given collection type.
117 [4134378304] INFO perfrun.launcher <> - plugin [] was disabled because it doesn't support the given collection type.
117 [4134378304] INFO perfrun.launcher <> - plugin [] was disabled because it doesn't support the given collection type.
117 [4134378304] INFO perfrun.launcher <> - plugin [] was disabled because it doesn't support the given collection type.
117 [4134378304] INFO perfrun.launcher <> - plugin [] was disabled because it doesn't support the given collection type.
117 [4134378304] INFO perfrun.launcher <> - plugin [] was disabled because it doesn't support the given collection type.
117 [4134378304] INFO perfrun.launcher <> - plugin [] was disabled because it doesn't support the given collection type.
117 [4134378304] INFO perfrun.launcher <> - plugin [] was disabled because it doesn't support the given collection type.
117 [4134378304] INFO perfrun.launcher <> - plugin [] was disabled because it doesn't support the given collection type.
117 [4134378304] INFO perfrun.launcher <> - plugin [] was disabled because it doesn't support the given collection type.
117 [4134378304] INFO perfrun.launcher <> - plugin [] was disabled because it doesn't support the given collection type.
117 [4134378304] INFO perfrun.launcher <> - plugin [] was disabled because it doesn't support the given collection type.
117 [4134378304] INFO perfrun.launcher <> - plugin [] was disabled because it doesn't support the given collection type.
117 [4134378304] INFO perfrun.launcher <> - plugin [] was disabled because it doesn't support the given collection type.
117 [4134378304] INFO perfrun.launcher <> - plugin [] was disabled because it doesn't support the given collection type.
117 [4134378304] INFO perfrun.launcher <> - plugin [] was disabled because it doesn't support the given collection type.
117 [4134378304] INFO perfrun.launcher <> - plugin [] was disabled because it doesn't support the given collection type.
117 [4134378304] INFO perfrun.launcher <> - plugin [] was disabled because it doesn't support the given collection type.
117 [4134378304] INFO perfrun.launcher <> - plugin [] was disabled because it doesn't support the given collection type.
117 [4134378304] INFO perfrun.launcher <> - plugin [] was disabled because it doesn't support the given collection type.
117 [4135213824] INFO perfrun.launcher <> - Application exit code: 0
117 [4135213824] INFO perfrun.launcher <> - Exit code: 0
