7 [140049648727872] INFO perfrun.launcher <> - Launcher main begin
8 [140049648727872] INFO perfrun.launcher <> - MessageCatalogInit finished
8 [140049648727872] INFO perfrun.launcher <> - Launcher instance created
8 [140049648727872] INFO perfrun.launcher <> - argc = 7; cmdline = /opt/intel/vtune_profiler_2020.0.0.605129/bin64/amplxe-runss --ui-output-format xml --ui-output-fd 5 --option-file /home/matt/Documents/Assignments/LombScargle/CSC586C-CSC485C-Project/r005macc/config/runsa.options 
16 [140049648727872] INFO perfrun.launcher <> - plugin remoteplug has been added successfully
16 [140049648727872] INFO perfrun.launcher <> - plugin system has been added successfully
16 [140049648727872] INFO perfrun.launcher <> - plugin vdso has been added successfully
16 [140049648727872] INFO perfrun.launcher <> - plugin itt has been added successfully
16 [140049648727872] INFO perfrun.launcher <> - plugin ptracecollector has been added successfully
16 [140049648727872] INFO perfrun.launcher <> - plugin gpu has been added successfully
16 [140049648727872] INFO perfrun.launcher <> - plugin  has been added successfully
16 [140049648727872] INFO perfrun.launcher <> - plugin  has been added successfully
16 [140049648727872] INFO perfrun.launcher <> - plugin  has been added successfully
16 [140049648727872] INFO perfrun.launcher <> - plugin mrte has been added successfully
16 [140049648727872] INFO perfrun.launcher <> - plugin emon has been added successfully
16 [140049648727872] INFO perfrun.launcher <> - plugin cuscol has been added successfully
16 [140049648727872] INFO perfrun.launcher <> - plugin stdsrc has been added successfully
16 [140049648727872] INFO perfrun.launcher <> - plugin sep has been added successfully
16 [140049648727872] INFO perfrun.launcher <> - plugin vtsspp has been added successfully
16 [140049648727872] INFO perfrun.sdk <> - Reading value (3) from file: /proc/sys/kernel/perf_event_paranoid
17 [140049648727872] INFO perfrun.perfcollector <> - cpu: family = 6 model = 158
17 [140049648727872] INFO perfrun.perfcollector <> - dir found : /sys/bus/event_source/devices/software
17 [140049648727872] WARN perfrun.perfcollector <> - format subdir doesn't exist, at file: vcs/perfrun1/plugins/perfcollector/src/controller.cpp:674
17 [140049648727872] WARN perfrun.perfcollector <> - pmu hwInfo is not set, at file: vcs/perfrun1/plugins/perfcollector/src/controller.cpp:763
17 [140049648727872] INFO perfrun.perfcollector <> - pmu added : family : software , id : 0
17 [140049648727872] INFO perfrun.perfcollector <> - dir found : /sys/bus/event_source/devices/power
17 [140049648727872] INFO perfrun.perfcollector <> - format: event config:0-7 mask:0-7
17 [140049648727872] WARN perfrun.perfcollector <> - pmu hwInfo is not set, at file: vcs/perfrun1/plugins/perfcollector/src/controller.cpp:763
17 [140049648727872] INFO perfrun.perfcollector <> - pmu added : family : power , id : 0
17 [140049648727872] INFO perfrun.perfcollector <> - dir found : /sys/bus/event_source/devices/uncore_cbox_4
17 [140049648727872] INFO perfrun.perfcollector <> - format: event config:0-7 mask:0-7
17 [140049648727872] INFO perfrun.perfcollector <> - format: edge config:18 mask:18
17 [140049648727872] INFO perfrun.perfcollector <> - format: inv config:23 mask:23
17 [140049648727872] INFO perfrun.perfcollector <> - format: umask config:8-15 mask:8-15
17 [140049648727872] INFO perfrun.perfcollector <> - format: cmask config:24-28 mask:24-28
17 [140049648727872] WARN perfrun.perfcollector <> - pmu hwInfo is not set, at file: vcs/perfrun1/plugins/perfcollector/src/controller.cpp:763
17 [140049648727872] INFO perfrun.perfcollector <> - pmu added : family : uncore_cbox , id : 4
17 [140049648727872] INFO perfrun.perfcollector <> - dir found : /sys/bus/event_source/devices/uprobe
17 [140049648727872] INFO perfrun.perfcollector <> - format: ref_ctr_offset config:32-63 mask:32-63
17 [140049648727872] INFO perfrun.perfcollector <> - format: retprobe config:0 mask:0
17 [140049648727872] WARN perfrun.perfcollector <> - pmu hwInfo is not set, at file: vcs/perfrun1/plugins/perfcollector/src/controller.cpp:763
17 [140049648727872] INFO perfrun.perfcollector <> - pmu added : family : uprobe , id : 0
17 [140049648727872] INFO perfrun.perfcollector <> - dir found : /sys/bus/event_source/devices/uncore_imc
17 [140049648727872] INFO perfrun.perfcollector <> - format: event config:0-7 mask:0-7
17 [140049648727872] INFO perfrun.perfcollector <> - hwInfo : PERF_IMC_PMU_DETAILS
17 [140049648727872] INFO perfrun.perfcollector <> - pmu added : family : uncore_imc , id : 0
17 [140049648727872] INFO perfrun.perfcollector <> - dir found : /sys/bus/event_source/devices/cpu
17 [140049648727872] INFO perfrun.perfcollector <> - format: event config:0-7 mask:0-7
17 [140049648727872] INFO perfrun.perfcollector <> - format: pc config:19 mask:19
17 [140049648727872] INFO perfrun.perfcollector <> - format: edge config:18 mask:18
17 [140049648727872] INFO perfrun.perfcollector <> - format: any config:21 mask:21
17 [140049648727872] INFO perfrun.perfcollector <> - format: offcore_rsp config1:0-63 mask:0-63
17 [140049648727872] INFO perfrun.perfcollector <> - format: ldlat config1:0-15 mask:0-15
17 [140049648727872] INFO perfrun.perfcollector <> - format: inv config:23 mask:23
17 [140049648727872] INFO perfrun.perfcollector <> - format: umask config:8-15 mask:8-15
17 [140049648727872] INFO perfrun.perfcollector <> - format: frontend config1:0-23 mask:0-23
17 [140049648727872] INFO perfrun.perfcollector <> - format: cmask config:24-31 mask:24-31
17 [140049648727872] INFO perfrun.perfcollector <> - hwInfo : PERF_CPU_PMU_DETAILS
17 [140049648727872] INFO perfrun.perfcollector <> - pmu added : family : cpu , id : 0
17 [140049648727872] INFO perfrun.perfcollector <> - dir found : /sys/bus/event_source/devices/cstate_core
17 [140049648727872] INFO perfrun.perfcollector <> - format: event config:0-63 mask:0-63
17 [140049648727872] WARN perfrun.perfcollector <> - pmu hwInfo is not set, at file: vcs/perfrun1/plugins/perfcollector/src/controller.cpp:763
17 [140049648727872] INFO perfrun.perfcollector <> - pmu added : family : cstate_core , id : 0
17 [140049648727872] INFO perfrun.perfcollector <> - dir found : /sys/bus/event_source/devices/uncore_cbox_2
17 [140049648727872] INFO perfrun.perfcollector <> - format: event config:0-7 mask:0-7
17 [140049648727872] INFO perfrun.perfcollector <> - format: edge config:18 mask:18
17 [140049648727872] INFO perfrun.perfcollector <> - format: inv config:23 mask:23
18 [140049648727872] INFO perfrun.perfcollector <> - format: umask config:8-15 mask:8-15
18 [140049648727872] INFO perfrun.perfcollector <> - format: cmask config:24-28 mask:24-28
18 [140049648727872] WARN perfrun.perfcollector <> - pmu hwInfo is not set, at file: vcs/perfrun1/plugins/perfcollector/src/controller.cpp:763
18 [140049648727872] INFO perfrun.perfcollector <> - pmu added : family : uncore_cbox , id : 2
18 [140049648727872] INFO perfrun.perfcollector <> - dir found : /sys/bus/event_source/devices/breakpoint
18 [140049648727872] WARN perfrun.perfcollector <> - format subdir doesn't exist, at file: vcs/perfrun1/plugins/perfcollector/src/controller.cpp:674
18 [140049648727872] WARN perfrun.perfcollector <> - pmu hwInfo is not set, at file: vcs/perfrun1/plugins/perfcollector/src/controller.cpp:763
18 [140049648727872] INFO perfrun.perfcollector <> - pmu added : family : breakpoint , id : 0
18 [140049648727872] INFO perfrun.perfcollector <> - dir found : /sys/bus/event_source/devices/uncore_cbox_0
18 [140049648727872] INFO perfrun.perfcollector <> - format: event config:0-7 mask:0-7
18 [140049648727872] INFO perfrun.perfcollector <> - format: edge config:18 mask:18
18 [140049648727872] INFO perfrun.perfcollector <> - format: inv config:23 mask:23
18 [140049648727872] INFO perfrun.perfcollector <> - format: umask config:8-15 mask:8-15
18 [140049648727872] INFO perfrun.perfcollector <> - format: cmask config:24-28 mask:24-28
18 [140049648727872] WARN perfrun.perfcollector <> - pmu hwInfo is not set, at file: vcs/perfrun1/plugins/perfcollector/src/controller.cpp:763
18 [140049648727872] INFO perfrun.perfcollector <> - pmu added : family : uncore_cbox , id : 0
18 [140049648727872] INFO perfrun.perfcollector <> - dir found : /sys/bus/event_source/devices/tracepoint
18 [140049648727872] WARN perfrun.perfcollector <> - format subdir doesn't exist, at file: vcs/perfrun1/plugins/perfcollector/src/controller.cpp:674
18 [140049648727872] WARN perfrun.perfcollector <> - pmu hwInfo is not set, at file: vcs/perfrun1/plugins/perfcollector/src/controller.cpp:763
18 [140049648727872] INFO perfrun.perfcollector <> - pmu added : family : tracepoint , id : 0
18 [140049648727872] INFO perfrun.perfcollector <> - dir found : /sys/bus/event_source/devices/cstate_pkg
18 [140049648727872] INFO perfrun.perfcollector <> - format: event config:0-63 mask:0-63
18 [140049648727872] WARN perfrun.perfcollector <> - pmu hwInfo is not set, at file: vcs/perfrun1/plugins/perfcollector/src/controller.cpp:763
18 [140049648727872] INFO perfrun.perfcollector <> - pmu added : family : cstate_pkg , id : 0
18 [140049648727872] INFO perfrun.perfcollector <> - dir found : /sys/bus/event_source/devices/uncore_arb
18 [140049648727872] INFO perfrun.perfcollector <> - format: event config:0-7 mask:0-7
18 [140049648727872] INFO perfrun.perfcollector <> - format: edge config:18 mask:18
18 [140049648727872] INFO perfrun.perfcollector <> - format: inv config:23 mask:23
18 [140049648727872] INFO perfrun.perfcollector <> - format: umask config:8-15 mask:8-15
18 [140049648727872] INFO perfrun.perfcollector <> - format: cmask config:24-28 mask:24-28
18 [140049648727872] WARN perfrun.perfcollector <> - pmu hwInfo is not set, at file: vcs/perfrun1/plugins/perfcollector/src/controller.cpp:763
18 [140049648727872] INFO perfrun.perfcollector <> - pmu added : family : uncore_arb , id : 0
18 [140049648727872] INFO perfrun.perfcollector <> - dir found : /sys/bus/event_source/devices/kprobe
18 [140049648727872] INFO perfrun.perfcollector <> - format: retprobe config:0 mask:0
18 [140049648727872] WARN perfrun.perfcollector <> - pmu hwInfo is not set, at file: vcs/perfrun1/plugins/perfcollector/src/controller.cpp:763
18 [140049648727872] INFO perfrun.perfcollector <> - pmu added : family : kprobe , id : 0
18 [140049648727872] INFO perfrun.perfcollector <> - dir found : /sys/bus/event_source/devices/uncore_cbox_5
18 [140049648727872] INFO perfrun.perfcollector <> - format: event config:0-7 mask:0-7
18 [140049648727872] INFO perfrun.perfcollector <> - format: edge config:18 mask:18
18 [140049648727872] INFO perfrun.perfcollector <> - format: inv config:23 mask:23
18 [140049648727872] INFO perfrun.perfcollector <> - format: umask config:8-15 mask:8-15
18 [140049648727872] INFO perfrun.perfcollector <> - format: cmask config:24-28 mask:24-28
18 [140049648727872] WARN perfrun.perfcollector <> - pmu hwInfo is not set, at file: vcs/perfrun1/plugins/perfcollector/src/controller.cpp:763
18 [140049648727872] INFO perfrun.perfcollector <> - pmu added : family : uncore_cbox , id : 5
18 [140049648727872] INFO perfrun.perfcollector <> - dir found : /sys/bus/event_source/devices/i915
18 [140049648727872] INFO perfrun.perfcollector <> - format: i915_eventid config:0-20 mask:0-20
18 [140049648727872] WARN perfrun.perfcollector <> - pmu hwInfo is not set, at file: vcs/perfrun1/plugins/perfcollector/src/controller.cpp:763
18 [140049648727872] INFO perfrun.perfcollector <> - pmu added : family : i915 , id : 0
18 [140049648727872] INFO perfrun.perfcollector <> - dir found : /sys/bus/event_source/devices/msr
18 [140049648727872] INFO perfrun.perfcollector <> - format: event config:0-63 mask:0-63
18 [140049648727872] WARN perfrun.perfcollector <> - pmu hwInfo is not set, at file: vcs/perfrun1/plugins/perfcollector/src/controller.cpp:763
18 [140049648727872] INFO perfrun.perfcollector <> - pmu added : family : msr , id : 0
18 [140049648727872] INFO perfrun.perfcollector <> - dir found : /sys/bus/event_source/devices/uncore_cbox_3
18 [140049648727872] INFO perfrun.perfcollector <> - format: event config:0-7 mask:0-7
18 [140049648727872] INFO perfrun.perfcollector <> - format: edge config:18 mask:18
18 [140049648727872] INFO perfrun.perfcollector <> - format: inv config:23 mask:23
18 [140049648727872] INFO perfrun.perfcollector <> - format: umask config:8-15 mask:8-15
18 [140049648727872] INFO perfrun.perfcollector <> - format: cmask config:24-28 mask:24-28
18 [140049648727872] WARN perfrun.perfcollector <> - pmu hwInfo is not set, at file: vcs/perfrun1/plugins/perfcollector/src/controller.cpp:763
18 [140049648727872] INFO perfrun.perfcollector <> - pmu added : family : uncore_cbox , id : 3
18 [140049648727872] INFO perfrun.perfcollector <> - dir found : /sys/bus/event_source/devices/intel_pt
18 [140049648727872] INFO perfrun.perfcollector <> - format: ptw config:12 mask:12
18 [140049648727872] INFO perfrun.perfcollector <> - format: cyc_thresh config:19-22 mask:19-22
18 [140049648727872] INFO perfrun.perfcollector <> - format: pt config:0 mask:0
18 [140049648727872] INFO perfrun.perfcollector <> - format: branch config:13 mask:13
18 [140049648727872] INFO perfrun.perfcollector <> - format: tsc config:10 mask:10
18 [140049648727872] INFO perfrun.perfcollector <> - format: pwr_evt config:4 mask:4
18 [140049648727872] INFO perfrun.perfcollector <> - format: fup_on_ptw config:5 mask:5
18 [140049648727872] INFO perfrun.perfcollector <> - format: cyc config:1 mask:1
18 [140049648727872] INFO perfrun.perfcollector <> - format: noretcomp config:11 mask:11
18 [140049648727872] INFO perfrun.perfcollector <> - format: mtc config:9 mask:9
18 [140049648727872] INFO perfrun.perfcollector <> - format: psb_period config:24-27 mask:24-27
18 [140049648727872] INFO perfrun.perfcollector <> - format: mtc_period config:14-17 mask:14-17
18 [140049648727872] WARN perfrun.perfcollector <> - pmu hwInfo is not set, at file: vcs/perfrun1/plugins/perfcollector/src/controller.cpp:763
19 [140049648727872] INFO perfrun.perfcollector <> - pmu added : family : intel_pt , id : 0
19 [140049648727872] INFO perfrun.perfcollector <> - dir found : /sys/bus/event_source/devices/uncore_cbox_1
19 [140049648727872] INFO perfrun.perfcollector <> - format: event config:0-7 mask:0-7
19 [140049648727872] INFO perfrun.perfcollector <> - format: edge config:18 mask:18
19 [140049648727872] INFO perfrun.perfcollector <> - format: inv config:23 mask:23
19 [140049648727872] INFO perfrun.perfcollector <> - format: umask config:8-15 mask:8-15
19 [140049648727872] INFO perfrun.perfcollector <> - format: cmask config:24-28 mask:24-28
19 [140049648727872] WARN perfrun.perfcollector <> - pmu hwInfo is not set, at file: vcs/perfrun1/plugins/perfcollector/src/controller.cpp:763
19 [140049648727872] INFO perfrun.perfcollector <> - pmu added : family : uncore_cbox , id : 1
19 [140049648727872] INFO perfrun.launcher <> - plugin perf has been added successfully
19 [140049648727872] INFO perfrun.launcher <> - plugin tpss has been added successfully
19 [140049648727872] INFO perfrun.launcher <> - plugin exprof has been added successfully
19 [140049648727872] INFO perfrun.launcher <> - plugin media has been added successfully
19 [140049648727872] INFO perfrun.launcher <> - plugin ice has been added successfully
19 [140049648727872] INFO perfrun.launcher <> - plugin  has been added successfully
19 [140049648727872] INFO perfrun.launcher <> - plugin  has been added successfully
19 [140049648727872] INFO perfrun.launcher <> - plugin parallelfs has been added successfully
19 [140049648727872] INFO perfrun.launcher <> - plugin power has been added successfully
19 [140049648727872] INFO perfrun.launcher <> - the option was added --interval: Specify an interval of data collection (for example, sampling) in milliseconds.
19 [140049648727872] INFO perfrun.launcher <> - the option was added --follow-child: Profile process with or without children.
19 [140049648727872] INFO perfrun.launcher <> - the option was added --gelding: BADMSG: perfrun1.launcher.plugin_manager::gelding
20 [140049648727872] INFO perfrun.launcher <> - the option was added --time-source: Specify time source for measurement. Possible values: sys - wall clock time; tsc - time stamp counter; ext - time from an external source; auto - auto select accurate time source.
20 [140049648727872] INFO perfrun.launcher <> - the option was added --stack: Enable or disable collection of stacks.
20 [140049648727872] INFO perfrun.launcher <> - the option was added --stack-stitching: Enable or disable the stack stitching algorithm for Intel TBB-based applications.
20 [140049648727872] INFO perfrun.launcher <> - the option was added --type: Specify type of data to be collected. For example, --type cpu:counters,waiting:nostack,io.
20 [140049648727872] INFO perfrun.launcher <> - the option was added --mrte-mode: Specify Java/.NET/other managed runtime collection mode. Possible values: native - collect information only for native code; managed - collect information only for managed code; mixed - collect information for both managed and native code; auto - choose the mode based on binary type.
20 [140049648727872] INFO perfrun.launcher <> - the option was added --mrte-mode-list: List supported Java/.NET/other managed runtime collection modes.
20 [140049648727872] INFO perfrun.launcher <> - the option was added --mrte-type: Specify which managed runtimes to collect. Possible values: java - collect information for Java; dotnet - collect information for .NET; python - collect information for CPython. You can specify several values separated by comma.
20 [140049648727872] INFO perfrun.launcher <> - the option was added --mrte-type-list: List supported Java/.NET/other managed runtime types.
20 [140049648727872] INFO perfrun.launcher <> - the option was added --trace-strategy: Specify how to profile a process tree. <string> can be "<process>:trace:notrace" - profile the process but do not profile its children. Shorthand parameters: t - trace, nt - notrace. For example, "vtunedemo.exe:t:t".
20 [140049648727872] INFO perfrun.launcher <> - the option was added --collector: BADMSG: perfrun1.launcher.plugin_manager::collector
20 [140049648727872] INFO perfrun.launcher <> - the option was added --system-wide: Enable system-wide profiling. This mode may require additional permissions.
20 [140049648727872] INFO perfrun.launcher <> - the option was added --kvm-guest: Enable KVM guest OS profiling.
20 [140049648727872] INFO perfrun.launcher <> - the option was added --kvm-guest-kallsyms: Specify a local path to the /proc/kallsyms file copied from the guest OS for proper symbol resolution.
20 [140049648727872] INFO perfrun.launcher <> - the option was added --kvm-guest-modules: Specify a local path to the /proc/modules file copied from the guest OS for proper symbol resolution.
20 [140049648727872] INFO perfrun.launcher <> - the option was added --bandwidth-limits: Measure bandwidth limits
20 [140049648727872] INFO perfrun.launcher <> - the option was added --acrn-map-info: Collect map info for ACRN
20 [140049648727872] INFO perfrun.launcher <> - the option was added --bandwidth-strategy: Bandwidth limits determination specific properties (example: --bandwidth-strategy array-size=0,duration=500).
20 [140049648727872] INFO perfrun.launcher <> - the option was added --bandwidth-config: List of benchmarks to run.
20 [140049648727872] INFO perfrun.launcher <> - the option was added --dump-vdso: Dump [vdso] to result directory
20 [140049648727872] INFO perfrun.launcher <> - the option was added --system-collector-config: Specify subcollectors. Possible values: all, container, device-info, none. Specify subcollectors. Possible values: all, vdso.
20 [140049648727872] INFO perfrun.launcher <> - the option was added --itt-config: Specify a sub-set of ITT API to collect.
20 [140049648727872] INFO perfrun.launcher <> - the option was added --itt-debug: Set pseudo-breakpoint at ITT API collector's start to enable the debugger to attach early.
20 [140049648727872] INFO perfrun.launcher <> - the option was added --ptrace: Ptrace collector.
20 [140049648727872] INFO perfrun.launcher <> - the option was added --target-pid: BADMSG: perfrun1.ptracecollector::target-pid
20 [140049648727872] INFO perfrun.launcher <> - the option was added --ptrace-server-pid: BADMSG: perfrun1.ptracecollector::ptrace-server-pid
20 [140049648727872] INFO perfrun.launcher <> - the option was added --ptrace-trace: BADMSG: perfrun1.ptracecollector::ptrace-trace
20 [140049648727872] INFO perfrun.launcher <> - the option was added --ptrace-time-source: BADMSG: perfrun1.ptracecollector::ptrace-time-source
20 [140049648727872] INFO perfrun.launcher <> - the option was added --ptrace-start-type: BADMSG: perfrun1.ptracecollector::ptrace-start-type
20 [140049648727872] INFO perfrun.launcher <> - the option was added --gpu-config: Specify types of GPU data to be collected. Possible values: preset1, preset2.
20 [140049648727872] INFO perfrun.launcher <> - the option was added --gpu-debug: Enable self-testing of the GPGPU profiling collector.
20 [140049648727872] INFO perfrun.launcher <> - the option was added --custom-collector: Allows to provide arbitrary command line to be run on collection steps.
20 [140049648727872] INFO perfrun.launcher <> - the option was added --stdsrc-config: Specify Standard Sources category tag(s).
20 [140049648727872] INFO perfrun.launcher <> - the option was added --ftrace-config-list: List Linux Ftrace category tag(s).
20 [140049648727872] INFO perfrun.launcher <> - the option was added --ftrace-config: Specify Linux Ftrace category tag(s).
20 [140049648727872] INFO perfrun.launcher <> - the option was added --ftrace-function-groups: Enable tracing of specific groups of functions.
20 [140049648727872] INFO perfrun.launcher <> - the option was added --event-info: BADMSG: perfrun1.stdsrc::event-info
20 [140049648727872] INFO perfrun.launcher <> - the option was added --cpu-list: List supported CPUs.
20 [140049648727872] INFO perfrun.launcher <> - the option was added --target-list: List available targets for performing sampling collection.
20 [140049648727872] INFO perfrun.launcher <> - the option was added --event-value-list: Display event information.
20 [140049648727872] INFO perfrun.launcher <> - the option was added --platform-value-list: Display details of supported platforms.
20 [140049648727872] INFO perfrun.launcher <> - the option was added --uncore-event-list: List uncore events for which a sampling data collection can be performed on this platform.
20 [140049648727872] INFO perfrun.launcher <> - the option was added --modifier-list: Specify the event name <string> for which the modifiers list is requested.
20 [140049648727872] INFO perfrun.launcher <> - the option was added --pmu-list: List supported PMUs.
20 [140049648727872] INFO perfrun.launcher <> - the option was added --os-mode-only: Enable sampling data collection for OS-mode processes only.
20 [140049648727872] INFO perfrun.launcher <> - the option was added --user-mode-only: Enable sampling data collection for user-mode processes only.
20 [140049648727872] INFO perfrun.launcher <> - the option was added --event-config: Perform data collection for the events with <string> configured using the format <event name1>":modifier1=val:modifier2=val/constraint1={:modifier3=val:modifier4=val}...,"<event name2>":... Specify the events(s) to monitor and embed the event names within double quotes("). [:modifier=val] specifies individual event modifiers along with the respective values for a given platform. Note that the modifiers can be generic to an event as well as specific to a constraint (or an event qualifier). The constraint specific special modifiers appear after [/constraint=]. The modifiers can be in decimal or hexadecimal format. Only specific modifiers accept the value as a string. Each event specification is delimited by a comma (,). For a list of supported modifiers and constraints, refer to the documentation.
20 [140049648727872] INFO perfrun.launcher <> - the option was added --chipset-event-config: Perform data collection for the chipset events with <string> configured using the format "<event name1>"...,"<event name2>":... Specify the events(s) to monitor and embed the event names within double quotes(").
20 [140049648727872] INFO perfrun.launcher <> - the option was added --uncore-event-config: Perform uncore data collection in ebc count mode for the events with <string> configured using the format "<event name1>"...,"<event name2>":... Specify the events(s) to monitor and embed the event names within double quotes(").
20 [140049648727872] INFO perfrun.launcher <> - the option was added --count-emon: Enable counting mode and output the data in EMON format.
20 [140049648727872] INFO perfrun.launcher <> - the option was added --event-based-counts: Enable event-based counting mode. During sampling data collection, event counts data is collected for the list of events specified in -event-config option.
20 [140049648727872] INFO perfrun.launcher <> - the option was added --event-mux-tfactor: Specify the event multiplexing tfactor as <integer> to set the length of the interval between interrupts. The larger the tfactor value, the larger the period between interrupts. Currently this option is only available on Intel platforms codenamed Knights Corner.
20 [140049648727872] INFO perfrun.launcher <> - the option was added --full-pebs-capture: Capture full pebs information.
21 [140049648727872] INFO perfrun.launcher <> - the option was added --last-branch-records: Capture Last Branch Records information.
21 [140049648727872] INFO perfrun.launcher <> - the option was added --pmu-type: Specify the targeted PMU name as <string>.
21 [140049648727872] INFO perfrun.launcher <> - the option was added --platform-type: Specify the targeted platform number as <number>.
21 [140049648727872] INFO perfrun.launcher <> - the option was added --p-state-trigger: Specify the name of the trigger event for P-state data as <string>. The default trigger is CPU_CLK_UNHALTED.REF_TSC.
21 [140049648727872] INFO perfrun.launcher <> - the option was added --bts-count: Specify the <integer> number of BTS records collected after each sample or context switch (VTSS++ only).
21 [140049648727872] INFO perfrun.launcher <> - the option was added --cpu-mask: Specify which CPU(s) <string> to collect data on. For example, specify "2-8,10,12-14" to sample only CPUs 2 through 8, 10, and 12 through 14.
21 [140049648727872] INFO perfrun.launcher <> - the option was added --event-mux-alg: Specify the event multiplexing algorithm. Possible values: sequence, timer, trigger.
21 [140049648727872] INFO perfrun.launcher <> - the option was added --event-mux-timeslice: Specify the event multiplexing time slice value as <integer>. The time slice specifies the duration between cycles for each event multiplexing group. The default value is 50 milliseconds. This option is valid only for timer-based event multiplexing. Specify the event multiplexing time slice value as <integer>. The time slice specifies the duration between cycles for each event multiplexing group. The default value is 1 millisecond. This option is valid only for timer-based event multiplexing.
21 [140049648727872] INFO perfrun.launcher <> - the option was added --event-mux-factor: Specify the event multiplexing factor as <integer>. It controls the switching of event multiplexing groups. The default factor is 50. This option is valid only for trigger-based event multiplexing. Specify the event multiplexing factor as <integer>. It controls the switching of event multiplexing groups. The default factor is 1. This option is valid only for trigger-based event multiplexing.
21 [140049648727872] INFO perfrun.launcher <> - the option was added --event-mux-trigger: Specify the name of the trigger event for event multiplexing as <string>. This option is valid only for trigger-based event multiplexing. The default trigger is CPU_CLK_UNHALTED.CORE (or CPU_CLK_UNHALTED.THREAD). BADMSG: perfrun1.vtsspp::event-mux-trigger
21 [140049648727872] INFO perfrun.launcher <> - the option was added --pt-mode: BADMSG: perfrun1.vtsspp::pt-mode
21 [140049648727872] INFO perfrun.launcher <> - the option was added --sample-after-multiplier: Specify the sample after multiplier as <double>. This multiplier modifies the sample after value for all the events specified in -event-config option. The values can range from 0.1 to 100.0. SAV multiplier value
21 [140049648727872] INFO perfrun.launcher <> - the option was added --uncore-sampling-interval: Specify the uncore sampling interval as <integer>. This value set the uncore sampling interval for all the uncore events specified in -event-config option.
21 [140049648727872] INFO perfrun.launcher <> - the option was added --count: Enable counting mode. Enable counting mode
21 [140049648727872] INFO perfrun.launcher <> - the option was added --trace-mpi: Configure collector to trace MPI code.
21 [140049648727872] INFO perfrun.launcher <> - the option was added --aggregated-counting: Enable aggregated counting mode. Enable aggregated-counting mode
21 [140049648727872] INFO perfrun.launcher <> - the option was added --perf-per-cpu: System-wide collection from all CPUs
21 [140049648727872] INFO perfrun.launcher <> - the option was added --raw-perf-config: Specify a verified configuration for the Perf collector in the format: <describer>,<content>. For example: map-events-file,<path_to_map_events_file>.
21 [140049648727872] INFO perfrun.launcher <> - the option was added --sys-config: BADMSG: perfrun1.vtsspp::sys-config Specify types of system data to be collected. Supported value: cswitch - collect context switch information.
21 [140049648727872] INFO perfrun.launcher <> - the option was added --perf-event-config: Specify events for Perf collector in Perf format. For example: perf-event-config=cpu-clock.
21 [140049648727872] INFO perfrun.launcher <> - the option was added --perf-aio: Number of control blocks in asynchronous trace writing mode.
21 [140049648727872] INFO perfrun.launcher <> - the option was added --perf-compression: Specify compression of Perf collector output data. Possible levels: 0 - without compression, 1..3 - best speed, 4..22 - best compression that incurs big overhead.
21 [140049648727872] INFO perfrun.launcher <> - the option was added --perf-min-mmap-read: Minimum data size read from the kernel mapped region.
21 [140049648727872] INFO perfrun.launcher <> - the option was added --perf-affinity: Adjust an affinity mask of the Perf thread to a node with an allocated memory trace buffer.
21 [140049648727872] INFO perfrun.launcher <> - the option was added --stackwalk: Specify stack unwinding method. Possible values: online - unwind stacks during collection; offline - unwind stacks after collection is finished. Specify stack unwinding method. Possible value: lbr - unwind stacks during collection. Specify stack unwinding method. Possible values: online - unwind stacks during collection; offline - unwind stacks after collection is finished; lbr - enable LBR-based call stack collection. Specify stack unwinding method. Possible values: online - unwind stacks during collection; offline - unwind stacks after collection is finished. Specify stack unwinding method. Possible values: online - unwind stacks during collection; offline - unwind stacks after collection is finished.
21 [140049648727872] INFO perfrun.launcher <> - the option was added --filter-include: Filter data during collection. Possible values: contended=<on|off> - filter out uncontended events; contended_nostack=<time> - filter out stacks for contended events that take less than <time> microseconds; wait=<time> - ignore transitions and blocks with wait time less than <time> microseconds; wait_nostack=<time> - filter out stacks for waits that take less than <time> microseconds.
21 [140049648727872] INFO perfrun.launcher <> - the option was added --debug-pin: Debug PIN tool and runtime.
21 [140049648727872] INFO perfrun.launcher <> - the option was added --debug-exception: Disallow the application to set own abnormal termination handler.
21 [140049648727872] INFO perfrun.launcher <> - the option was added --trace-type: Specify the trace file granularity. Possible values: per-thread - per-thread trace file generation; per-process - per-process trace file generation.
21 [140049648727872] INFO perfrun.launcher <> - the option was added --instrumentation-type: Specify type of instrumentation.
21 [140049648727872] INFO perfrun.launcher <> - the option was added --altstack: Enable or disable usage of altstacks for profiling signal handlers.
21 [140049648727872] INFO perfrun.launcher <> - the option was added --profiling-signal: BADMSG: perfrun1.ptracecollector::profiling-signal Alternate profiling signal.
21 [140049648727872] INFO perfrun.launcher <> - the option was added --memory-strategy: Specify a minimal memory object size to be traced and a hash table size for faster objects search; for example: --memory-strategy obj-size-min=1024,hash-table-size=4096.
21 [140049648727872] INFO perfrun.launcher <> - the option was added --gpu-profiling-type: Specify a type of deep GPU profiling: none, bblatency, memlatency, instcount.
21 [140049648727872] INFO perfrun.launcher <> - the option was added --opencl-trace-mode: Specify OpenCL kernel tracing modes: 'default' to trace OpenCL kernels for Intel Graphics Driver only; 'epoch' for any non-Intel graphics, where OpenCL kernels will be traced and OpenCL profiling API timestamps will be interpreted as Unux Epoch time in nanoseconds; 'completion' to trace OpenCL kernels for any Graphics Driver and bind OpenCL profiling API timestamps to the timestamp of OpenCL completion callback.
21 [140049648727872] INFO perfrun.launcher <> - the option was added --gpu-kernels-to-profile: Specify a comma-separated list of GPU kernel names and invocations to be profiled in the following format: kernel_name[#start_idx#step#stop_idx], where kernel_name is the name of GPU kernel; start_idx is the number of the first invocation; and stop_idx is the number of the last invocation to be profiled.
21 [140049648727872] INFO perfrun.launcher <> - the option was added --exprof-com-list: List available COM ports.
21 [140049648727872] INFO perfrun.launcher <> - the option was added --exprof-dvc-list: List available DvC IDs.
21 [140049648727872] INFO perfrun.launcher <> - the option was added --exprof-trace-channel: BADMSG: perfrun1.exprof::exprof-trace-channel
21 [140049648727872] INFO perfrun.launcher <> - the option was added --exprof-event-config: Specify ExactProfiling Event Classes.
21 [140049648727872] INFO perfrun.launcher <> - the option was added --ice-pmons-list: BADMSG: perfrun1.ice::ice-pmons-list
21 [140049648727872] INFO perfrun.launcher <> - the option was added --ice-pmons-config: BADMSG: perfrun1.ice::ice-pmons-config
21 [140049648727872] INFO perfrun.launcher <> - the option was added --parallel-fs-config: Specify parallel fs counters to collect.
21 [140049648727872] INFO perfrun.launcher <> - the option was added --pwr-config: BADMSG: perfrun1.vtsspp::pwr-config Specify power metrics configuration.
23 [140049648727872] INFO perfrun.launcher <> - create msngr2::ICliToolContext
23 [140049648727872] INFO perfrun.launcher <> - create file finder object
23 [140049648727872] INFO perfrun.launcher <> - create a result directory: pattern = /home/matt/Documents/Assignments/LombScargle/CSC586C-CSC485C-Project/r005macc pid = 4294967295
24 [140049648727872] INFO perfrun.sdk <> - checked that the directory /home/matt/Documents/Assignments/LombScargle/CSC586C-CSC485C-Project/r005macc is a local directory
24 [140049648727872] INFO perfrun.sdk <> - the directory /home/matt/Documents/Assignments/LombScargle/CSC586C-CSC485C-Project/r005macc is a local directory with FS type ID 61267
24 [140049648727872] INFO perfrun.launcher <> - create data directory = /home/matt/Documents/Assignments/LombScargle/CSC586C-CSC485C-Project/r005macc/data.0
24 [140049648727872] INFO perfrun.launcher <> - Creating the master collection flag
28 [140049648727872] INFO perfrun.launcher <> - Done creating the master collection flag
28 [140049525090048] INFO perfrun.launcher <> - plugin [remoteplug] was disabled because it doesn't support the given collection type.
28 [140049525090048] INFO perfrun.system <> - online nodes : 0
28 [140049525090048] INFO perfrun.system <> - nodes with cpus : 0
28 [140049525090048] INFO perfrun.system <> - nodes with memory : 0
29 [140049525090048] INFO perfrun.sdk <> - Allocating TMU :/home/matt/Documents/Assignments/LombScargle/CSC586C-CSC485C-Project/r005macc/data.0/systemcollector-3362-MattLab.sc
29 [140049525090048] INFO perfrun.launcher <> - plugin [ptracecollector] was disabled because it doesn't support the given collection type.
29 [140049525090048] INFO perfrun.launcher <> - plugin [gpu] was disabled because it doesn't support the given collection type.
29 [140049525090048] INFO perfrun.launcher <> - plugin [] was disabled because it doesn't support the given collection type.
29 [140049525090048] INFO perfrun.launcher <> - plugin [] was disabled because it doesn't support the given collection type.
29 [140049525090048] INFO perfrun.launcher <> - plugin [] was disabled because it doesn't support the given collection type.
29 [140049525090048] INFO perfrun.mrte <> - Getting  mrte profiling environment ...
40 [140049525090048] INFO perfrun.mrte <> - INTEL_MRTE_DATA_DIR=/home/matt/Documents/Assignments/LombScargle/CSC586C-CSC485C-Project/r005macc/data.0
40 [140049525090048] INFO perfrun.mrte <> - INTEL_MRTE_HOST_NAME=MattLab
40 [140049525090048] INFO perfrun.mrte <> - JAVA_TOOL_OPTIONS=-agentlib:amplxe_samplingmrte_javaprof_1.0 -Dsun.boot.library.path=/opt/intel/vtune_profiler_2020.0.0.605129/lib32/runtime:/opt/intel/vtune_profiler_2020.0.0.605129/lib64/runtime
40 [140049525090048] INFO perfrun.mrte <> - CORECLR_ENABLE_PROFILING=1
40 [140049525090048] INFO perfrun.mrte <> - CORECLR_PROFILER={AA5E4821-E3B1-479c-B7FF-5AD047D22CED}
40 [140049525090048] INFO perfrun.mrte <> - CORECLR_PROFILER_PATH=/opt/intel/vtune_profiler_2020.0.0.605129/lib64/libamplxe_samplingmrte_clrprof_1.0.so
40 [140049525090048] INFO perfrun.mrte <> - INTEL_MRTE_PROFILER_MODE=mixed
40 [140049525090048] INFO perfrun.mrte <> - Data directory: /home/matt/Documents/Assignments/LombScargle/CSC586C-CSC485C-Project/r005macc/data.0
40 [140049525090048] INFO perfrun.mrte <> - Mrte plugin is initialized
40 [140049525090048] INFO perfrun.launcher <> - plugin [emon] was disabled because it doesn't support the given collection type.
40 [140049525090048] INFO perfrun.launcher <> - plugin [cuscol] was disabled because it doesn't support the given collection type.
40 [140049525090048] INFO perfrun.launcher <> - plugin [stdsrc] was disabled because it doesn't support the given collection type.
40 [140049525090048] INFO perfrun.sepdk <> - "/opt/intel/vtune_profiler_2020.0.0.605129/bin64/sep" -dry-run -ec CPU_CLK_UNHALTED.THREAD:sa=2900000,CPU_CLK_UNHALTED.REF_TSC:sample:sa=2900000,INST_RETIRED.ANY:sample:sa=2900000,CPU_CLK_UNHALTED.REF_XCLK:sa=100003,CPU_CLK_UNHALTED.ONE_THREAD_ACTIVE:sa=100003,MEM_INST_RETIRED.ALL_LOADS_PS:sa=100003,MEM_INST_RETIRED.ALL_STORES_PS:sa=100003,MEM_TRANS_RETIRED.LOAD_LATENCY_GT_4:sa=10003,CPU_CLK_UNHALTED.THREAD_P,CYCLE_ACTIVITY.STALLS_L1D_MISS,CYCLE_ACTIVITY.STALLS_L2_MISS,CYCLE_ACTIVITY.STALLS_L3_MISS,CYCLE_ACTIVITY.STALLS_MEM_ANY,DTLB_LOAD_MISSES.STLB_HIT,DTLB_LOAD_MISSES.WALK_ACTIVE,DTLB_STORE_MISSES.STLB_HIT,DTLB_STORE_MISSES.WALK_ACTIVE,EXE_ACTIVITY.1_PORTS_UTIL,EXE_ACTIVITY.2_PORTS_UTIL,EXE_ACTIVITY.BOUND_ON_STORES,EXE_ACTIVITY.EXE_BOUND_0_PORTS,FRONTEND_RETIRED.LATENCY_GE_8_PS,IDQ_UOPS_NOT_DELIVERED.CORE,INT_MISC.RECOVERY_CYCLES,L1D_PEND_MISS.FB_FULL:cmask=1,L1D_PEND_MISS.PENDING,L2_RQSTS.RFO_HIT,LD_BLOCKS.NO_SR,LD_BLOCKS.STORE_FORWARD,LD_BLOCKS_PARTIAL.ADDRESS_ALIAS,MEM_INST_RETIRED.ALL_STORES_PS,MEM_INST_RETIRED.LOCK_LOADS_PS,MEM_INST_RETIRED.SPLIT_LOADS_PS,MEM_INST_RETIRED.SPLIT_STORES_PS,MEM_INST_RETIRED.STLB_MISS_LOADS_PS,MEM_INST_RETIRED.STLB_MISS_STORES_PS,MEM_LOAD_L3_HIT_RETIRED.XSNP_HITM_PS,MEM_LOAD_L3_HIT_RETIRED.XSNP_HIT_PS,MEM_LOAD_L3_HIT_RETIRED.XSNP_MISS_PS,MEM_LOAD_RETIRED.FB_HIT_PS,MEM_LOAD_RETIRED.L1_HIT_PS,MEM_LOAD_RETIRED.L1_MISS_PS,MEM_LOAD_RETIRED.L2_HIT_PS,MEM_LOAD_RETIRED.L3_HIT_PS,MEM_LOAD_RETIRED.L3_MISS_PS,OFFCORE_REQUESTS_BUFFER.SQ_FULL,OFFCORE_REQUESTS_OUTSTANDING.ALL_DATA_RD:cmask=4,OFFCORE_REQUESTS_OUTSTANDING.CYCLES_WITH_DATA_RD,OFFCORE_REQUESTS_OUTSTANDING.CYCLES_WITH_DEMAND_RFO,UOPS_ISSUED.ANY,UOPS_RETIRED.RETIRE_SLOTS,OFFCORE_RESPONSE:request=DEMAND_RFO:response=L3_HIT.SNOOP_HITM,UNC_IMC_DRAM_DATA_READS,UNC_IMC_DRAM_DATA_WRITES -experimental
156 [140049525090048] INFO perfrun.launcher <> - plugin [vtsspp] was disabled because it doesn't support the given collection type.
156 [140049525090048] INFO perfrun.launcher <> - plugin [perf] was disabled because it doesn't support the given collection type.
156 [140049525090048] INFO perfrun.tpss <> - initialize tpss controller
156 [140049525090048] INFO perfrun.launcher <> - plugin [tpss] was disabled because it doesn't support the given collection type.
156 [140049525090048] INFO perfrun.launcher <> - plugin [exprof] was disabled because it doesn't support the given collection type.
156 [140049525090048] INFO perfrun.launcher <> - plugin [ice] was disabled because it doesn't support the given collection type.
156 [140049525090048] INFO perfrun.launcher <> - plugin [] was disabled because it doesn't support the given collection type.
156 [140049525090048] INFO perfrun.launcher <> - plugin [] was disabled because it doesn't support the given collection type.
156 [140049525090048] INFO perfrun.launcher <> - plugin [parallelfs] was disabled because it doesn't support the given collection type.
156 [140049525090048] INFO perfrun.launcher <> - plugin [power] was disabled because it doesn't support the given collection type.
157 [140049648727872] INFO perfrun.launcher <> - set environment variable: LD_LIBRARY_PATH = /opt/intel/vtune_profiler_2020.0.0.605129/lib32/runtime:/opt/intel/vtune_profiler_2020.0.0.605129/lib64/runtime
157 [140049648727872] INFO perfrun.launcher <> - set environment variable: INTEL_LIBITTNOTIFY32 = /opt/intel/vtune_profiler_2020.0.0.605129/lib32/runtime/libittnotify_collector.so
157 [140049648727872] INFO perfrun.launcher <> - set environment variable: INTEL_LIBITTNOTIFY64 = /opt/intel/vtune_profiler_2020.0.0.605129/lib64/runtime/libittnotify_collector.so
157 [140049648727872] INFO perfrun.launcher <> - set environment variable: INTEL_ITTNOTIFY_GROUPS = 
157 [140049648727872] INFO perfrun.launcher <> - set environment variable: INTEL_JIT_PROFILER32 = /opt/intel/vtune_profiler_2020.0.0.605129/lib32/runtime/libittnotify_collector.so
157 [140049648727872] INFO perfrun.launcher <> - set environment variable: INTEL_JIT_PROFILER64 = /opt/intel/vtune_profiler_2020.0.0.605129/lib64/runtime/libittnotify_collector.so
157 [140049648727872] INFO perfrun.launcher <> - set environment variable: VS_PROFILER = libittnotify_collector.so
157 [140049648727872] INFO perfrun.launcher <> - set environment variable: ENABLE_JITPROFILING = 1
157 [140049648727872] INFO perfrun.launcher <> - set environment variable: CL_CONFIG_USE_VTUNE = True
157 [140049648727872] INFO perfrun.launcher <> - set environment variable: __OCL_MIC_INTEL_LIBITTNOTIFY64 = /amplxe/results/libittnotify_collector.so
157 [140049648727872] INFO perfrun.launcher <> - set environment variable: __OCL_MIC_INTEL_JIT_PROFILER64 = /amplxe/results/libittnotify_collector.so
157 [140049648727872] INFO perfrun.launcher <> - set environment variable: KMP_FORKJOIN_FRAMES = 0
157 [140049648727872] INFO perfrun.launcher <> - set environment variable: KMP_FORKJOIN_FRAMES_MODE = 0
157 [140049648727872] INFO perfrun.launcher <> - set environment variable: INTEL_MRTE_DATA_DIR = /home/matt/Documents/Assignments/LombScargle/CSC586C-CSC485C-Project/r005macc/data.0
157 [140049648727872] INFO perfrun.launcher <> - set environment variable: INTEL_MRTE_HOST_NAME = MattLab
157 [140049648727872] INFO perfrun.launcher <> - set environment variable: JAVA_TOOL_OPTIONS = -agentlib:amplxe_samplingmrte_javaprof_1.0 -Dsun.boot.library.path=/opt/intel/vtune_profiler_2020.0.0.605129/lib32/runtime:/opt/intel/vtune_profiler_2020.0.0.605129/lib64/runtime
157 [140049648727872] INFO perfrun.launcher <> - set environment variable: CORECLR_ENABLE_PROFILING = 1
157 [140049648727872] INFO perfrun.launcher <> - set environment variable: CORECLR_PROFILER = {AA5E4821-E3B1-479c-B7FF-5AD047D22CED}
157 [140049648727872] INFO perfrun.launcher <> - set environment variable: CORECLR_PROFILER_PATH = /opt/intel/vtune_profiler_2020.0.0.605129/lib64/libamplxe_samplingmrte_clrprof_1.0.so
157 [140049648727872] INFO perfrun.launcher <> - set environment variable: INTEL_MRTE_PROFILER_MODE = mixed
157 [140049648727872] INFO perfrun.launcher <> - RpcServer: run RPC server to handle requests
157 [140049648727872] INFO perfrun.launcher <> - Launcher: command line to start before modification = ./a.out
157 [140049648727872] INFO perfrun.launcher <> - Launcher: command line to start after modification = ./a.out
157 [140049648727872] INFO perfrun.launcher <> - ProcessCreator object was created
158 [140049648727872] INFO perfrun.launcher <> - Launcher: the process was started in suspend mode
158 [140049525090048] INFO perfrun.launcher <> - Messenger::say: Peak bandwidth measurement started.
3293 [140049525090048] INFO perfrun.launcher <> - Messenger::say: Peak bandwidth measurement finished.
3342 [140049525090048] INFO perfrun.system <> - OpenCL gpu adapter vendor Id 4318
3342 [140049525090048] INFO perfrun.system <> - OpenCL gpu adapter vendor Id 32902
3342 [140049525090048] WARN perfrun.system <> - Folder "/sys/kernel/debug/kvm"doesn't exist, at file: vcs/perfrun1/plugins/system/src/trace_writer.cpp:688
3342 [140049525090048] WARN perfrun.system <> - Folder "/var/run/libvirt/qemu/"doesn't exist, at file: vcs/perfrun1/plugins/system/src/trace_writer.cpp:768
3343 [140049525090048] WARN perfrun.sdk <> - Failed to find xl binary on any of the system paths: /bin, /sbin, /usr/bin, /usr/sbin., at file: vcs/perfrun1/sdk/src/utils.cpp:434
3343 [140049525090048] WARN perfrun.system <> - Could not start ContainerMapping collector, at file: vcs/perfrun1/plugins/system/src/controller.cpp:445
3383 [140049525090048] INFO perfrun.vdso <> - Helper runtool '/opt/intel/vtune_profiler_2020.0.0.605129/bin32/amplxe-runss -dump-vdso -r /home/matt/Documents/Assignments/LombScargle/CSC586C-CSC485C-Project/r005macc --tmp-dir /tmp/amplxe-tmp-root' returned 0
3426 [140049525090048] INFO perfrun.vdso <> - Helper runtool '/opt/intel/vtune_profiler_2020.0.0.605129/bin64/amplxe-runss -dump-vdso -r /home/matt/Documents/Assignments/LombScargle/CSC586C-CSC485C-Project/r005macc --tmp-dir /tmp/amplxe-tmp-root' returned 0
3427 [140049525090048] INFO perfrun.itt <> - start itt controller for pid #3368
3427 [140049525090048] INFO perfrun.sdk <> - Reading value (1) from file: /proc/sys/kernel/nmi_watchdog
3427 [140049525090048] WARN perfrun.launcher <> - Messenger::say: To enable hardware event-base sampling, VTune Profiler has disabled the NMI watchdog timer. The watchdog timer will be re-enabled after collection completes.
3427 [140049525090048] INFO perfrun.sepdk <> - called: "/opt/intel/vtune_profiler_2020.0.0.605129/bin64/sep" -start -experimental -uem timer=10 -p-state trigger=CPU_CLK_UNHALTED.REF_TSC -out "/home/matt/Documents/Assignments/LombScargle/CSC586C-CSC485C-Project/r005macc/data.0/sep7f5fd231a700.20200214T113359.714219" -ec INST_RETIRED.ANY:sample:sa=2900000,CPU_CLK_UNHALTED.THREAD:sa=2900000,CPU_CLK_UNHALTED.REF_TSC:sample:sa=2900000,OFFCORE_RESPONSE:request=DEMAND_RFO:response=L3_HIT.SNOOP_HITM,MEM_INST_RETIRED.ALL_LOADS_PS:sa=100003,MEM_INST_RETIRED.ALL_STORES_PS:sa=100003,MEM_TRANS_RETIRED.LOAD_LATENCY_GT_4:sa=10003,CYCLE_ACTIVITY.STALLS_MEM_ANY,FRONTEND_RETIRED.LATENCY_GE_8_PS,MEM_INST_RETIRED.LOCK_LOADS_PS,MEM_INST_RETIRED.SPLIT_LOADS_PS,CPU_CLK_UNHALTED.REF_XCLK:sa=100003,CPU_CLK_UNHALTED.ONE_THREAD_ACTIVE:sa=100003,CPU_CLK_UNHALTED.THREAD_P,CYCLE_ACTIVITY.STALLS_L1D_MISS,MEM_INST_RETIRED.SPLIT_STORES_PS,MEM_INST_RETIRED.STLB_MISS_LOADS_PS,MEM_INST_RETIRED.STLB_MISS_STORES_PS,MEM_LOAD_L3_HIT_RETIRED.XSNP_HITM_PS,CYCLE_ACTIVITY.STALLS_L2_MISS,CYCLE_ACTIVITY.STALLS_L3_MISS,DTLB_LOAD_MISSES.STLB_HIT,DTLB_LOAD_MISSES.WALK_ACTIVE,MEM_LOAD_L3_HIT_RETIRED.XSNP_HIT_PS,MEM_LOAD_L3_HIT_RETIRED.XSNP_MISS_PS,MEM_LOAD_RETIRED.FB_HIT_PS,MEM_LOAD_RETIRED.L1_HIT_PS,DTLB_STORE_MISSES.STLB_HIT,DTLB_STORE_MISSES.WALK_ACTIVE,EXE_ACTIVITY.1_PORTS_UTIL,EXE_ACTIVITY.2_PORTS_UTIL,MEM_LOAD_RETIRED.L1_MISS_PS,MEM_LOAD_RETIRED.L2_HIT_PS,MEM_LOAD_RETIRED.L3_HIT_PS,MEM_LOAD_RETIRED.L3_MISS_PS,EXE_ACTIVITY.BOUND_ON_STORES,EXE_ACTIVITY.EXE_BOUND_0_PORTS,IDQ_UOPS_NOT_DELIVERED.CORE,INT_MISC.RECOVERY_CYCLES,L1D_PEND_MISS.FB_FULL:cmask=1,L1D_PEND_MISS.PENDING,L2_RQSTS.RFO_HIT,LD_BLOCKS.NO_SR,LD_BLOCKS.STORE_FORWARD,LD_BLOCKS_PARTIAL.ADDRESS_ALIAS,OFFCORE_REQUESTS_BUFFER.SQ_FULL,OFFCORE_REQUESTS_OUTSTANDING.ALL_DATA_RD:cmask=4,OFFCORE_REQUESTS_OUTSTANDING.CYCLES_WITH_DATA_RD,OFFCORE_REQUESTS_OUTSTANDING.CYCLES_WITH_DEMAND_RFO,UOPS_ISSUED.ANY,UOPS_RETIRED.RETIRE_SLOTS,UNC_IMC_DRAM_DATA_READS,UNC_IMC_DRAM_DATA_WRITES, -d 0 -uem factor=10
3928 [140049648727872] INFO perfrun.launcher <> - Launcher: all plugins were started
3928 [140049648727872] INFO perfrun.launcher <> - DirectoryMonitor object was created
3928 [140049648727872] INFO perfrun.launcher <> - DirectoryMonitor: a callback was added
3929 [140049648727872] INFO perfrun.launcher <> - DirectoryMonitor was started with pingTime = 1000
3929 [140049648727872] INFO perfrun.launcher <> - DeadlineTimer is going to be constructed
3929 [140049648727872] INFO perfrun.launcher <> - DeadlineTimer: a callback was added
3935 [140049648727872] INFO perfrun.launcher <> - Launcher: resume the profiled application and  wait its termination or stop command
32394 [140049648727872] INFO perfrun.launcher <> - Launcher: the profiled application was terminated  with exit code = 0
32396 [140049525090048] INFO perfrun.itt <> - stop itt controller
32396 [140049525090048] INFO perfrun.itt <> - detach itt controller
32396 [140049525090048] INFO perfrun.sepdk <> - called: "/opt/intel/vtune_profiler_2020.0.0.605129/bin64/sep" -stop
35258 [140049525090048] INFO perfrun.sepdk <> - Sampling successfully stopped.

35259 [140049525090048] INFO perfrun.sdk <> - De-allocating TMU: /home/matt/Documents/Assignments/LombScargle/CSC586C-CSC485C-Project/r005macc/data.0/systemcollector-3362-MattLab.sc
35259 [140049525090048] INFO perfrun.system <> - closed the system trace file: /home/matt/Documents/Assignments/LombScargle/CSC586C-CSC485C-Project/r005macc/data.0/systemcollector-3362-MattLab.sc
35259 [140049648727872] INFO perfrun.launcher <> - Launcher: all plugins were stopped.
35259 [140049648727872] INFO perfrun.launcher <> - DeadlineTimer is going to be destroyed
35259 [140049648727872] INFO perfrun.launcher <> - DeadlineTimer was destroyed
35259 [140049648727872] INFO perfrun.launcher <> - DirectoryMonitor object was destroyed
35259 [140049648727872] WARN perfrun.launcher <> - Stop command is ignored because it is received when collection is already stopped, at file: vcs/perfrun1/launcher/src/command_handler.cpp:212
35259 [140049648727872] INFO perfrun.launcher <> - Application exit code: 0
35259 [140049648727872] INFO perfrun.launcher <> - Exit code: 0
